d:\asm_practice\vs\asm86_64\asmii\debug\vc143.pdb
d:\asm_practice\vs\asm86_64\asmii\debug\vc143.idb
d:\asm_practice\vs\asm86_64\asmii\debug\asmii.obj
d:\asm_practice\vs\asm86_64\debug\asmii.exe
d:\asm_practice\vs\asm86_64\asmii\debug\asmii.ilk
d:\asm_practice\vs\asm86_64\debug\asmii.pdb
d:\asm_practice\vs\asm86_64\asmii\debug\assembly_code.obj
d:\asm_practice\vs\asm86_64\asmii\debug\memory_adressing.obj
d:\asm_practice\vs\asm86_64\asmii\debug\ptr_type.obj
d:\asm_practice\vs\asm86_64\asmii\debug\sigh_div_mul.obj
d:\asm_practice\vs\asm86_64\asmii\debug\summ_args.obj
d:\asm_practice\vs\asm86_64\asmii\debug\sum_array.obj
d:\asm_practice\vs\asm86_64\asmii\debug\asmii.tlog\cl.command.1.tlog
d:\asm_practice\vs\asm86_64\asmii\debug\asmii.tlog\cl.items.tlog
d:\asm_practice\vs\asm86_64\asmii\debug\asmii.tlog\cl.read.1.tlog
d:\asm_practice\vs\asm86_64\asmii\debug\asmii.tlog\cl.write.1.tlog
d:\asm_practice\vs\asm86_64\asmii\debug\asmii.tlog\link.command.1.tlog
d:\asm_practice\vs\asm86_64\asmii\debug\asmii.tlog\link.read.1.tlog
d:\asm_practice\vs\asm86_64\asmii\debug\asmii.tlog\link.write.1.tlog
d:\asm_practice\vs\asm86_64\asmii\debug\asmii.tlog\masm.read.1u.tlog
d:\asm_practice\vs\asm86_64\asmii\debug\asmii.tlog\masm.write.1u.tlog
